c:\users\hector\source\repos\opengl\opengl\x64\debug\vc143.pdb
c:\users\hector\source\repos\opengl\opengl\x64\debug\vc143.idb
c:\users\hector\source\repos\opengl\opengl\x64\debug\stb_image.obj
c:\users\hector\source\repos\opengl\opengl\x64\debug\imgui_widgets.obj
c:\users\hector\source\repos\opengl\opengl\x64\debug\imgui_tables.obj
c:\users\hector\source\repos\opengl\opengl\x64\debug\imgui_draw.obj
c:\users\hector\source\repos\opengl\opengl\x64\debug\imgui_demo.obj
c:\users\hector\source\repos\opengl\opengl\x64\debug\imgui.obj
c:\users\hector\source\repos\opengl\opengl\x64\debug\imgui_impl_opengl3.obj
c:\users\hector\source\repos\opengl\opengl\x64\debug\imgui_impl_glfw.obj
c:\users\hector\source\repos\opengl\opengl\x64\debug\glm.obj
c:\users\hector\source\repos\opengl\opengl\x64\debug\testtexture2d.obj
c:\users\hector\source\repos\opengl\opengl\x64\debug\tests.obj
c:\users\hector\source\repos\opengl\opengl\x64\debug\testclearcolor.obj
c:\users\hector\source\repos\opengl\opengl\x64\debug\testbatchrendering.obj
c:\users\hector\source\repos\opengl\opengl\x64\debug\texture.obj
c:\users\hector\source\repos\opengl\opengl\x64\debug\test3.obj
c:\users\hector\source\repos\opengl\opengl\x64\debug\shader.obj
c:\users\hector\source\repos\opengl\opengl\x64\debug\renderer.obj
c:\users\hector\source\repos\opengl\opengl\x64\debug\main.obj
c:\users\hector\source\repos\opengl\opengl\x64\debug\indexbuffer.obj
c:\users\hector\source\repos\opengl\opengl\x64\debug\vertexbuffer.obj
c:\users\hector\source\repos\opengl\opengl\x64\debug\vertexarray.obj
c:\users\hector\source\repos\opengl\opengl\x64\debug\camera.obj
c:\users\hector\source\repos\opengl\x64\debug\opengl.exe
c:\users\hector\source\repos\opengl\x64\debug\opengl.pdb
c:\users\hector\source\repos\opengl\opengl\x64\debug\opengl.ilk
c:\users\hector\source\repos\opengl\opengl\x64\debug\opengl.tlog\cl.command.1.tlog
c:\users\hector\source\repos\opengl\opengl\x64\debug\opengl.tlog\cl.items.tlog
c:\users\hector\source\repos\opengl\opengl\x64\debug\opengl.tlog\cl.read.1.tlog
c:\users\hector\source\repos\opengl\opengl\x64\debug\opengl.tlog\cl.write.1.tlog
c:\users\hector\source\repos\opengl\opengl\x64\debug\opengl.tlog\link.command.1.tlog
c:\users\hector\source\repos\opengl\opengl\x64\debug\opengl.tlog\link.read.1.tlog
c:\users\hector\source\repos\opengl\opengl\x64\debug\opengl.tlog\link.secondary.1.tlog
c:\users\hector\source\repos\opengl\opengl\x64\debug\opengl.tlog\link.write.1.tlog
